0 info it worked if it ends with ok
1 verbose cli [ '/home/jiska/Code/node/node-v4.4.2-linux-x64/bin/node',
1 verbose cli   '/home/jiska/Code/node/node-v4.4.2-linux-x64/bin/npm',
1 verbose cli   'run',
1 verbose cli   'check' ]
2 info using npm@3.9.5
3 info using node@v4.4.2
4 verbose run-script [ 'precheck', 'check', 'postcheck' ]
5 info lifecycle spot@0.0.3~precheck: spot@0.0.3
6 silly lifecycle spot@0.0.3~precheck: no script for precheck, continuing
7 info lifecycle spot@0.0.3~check: spot@0.0.3
8 verbose lifecycle spot@0.0.3~check: unsafe-perm in lifecycle true
9 verbose lifecycle spot@0.0.3~check: PATH: /home/jiska/Code/node/node-v4.4.2-linux-x64/lib/node_modules/npm/bin/node-gyp-bin:/home/jiska/Code/spot/node_modules/.bin:/home/jiska/Code/node/node-v4.4.2-linux-x64/bin:/home/jiska/Code/spot/node_modules/.bin:/home/jiska/Code/node/node-v4.4.2-linux-x64/bin:/home/jiska/Code/cfplot/install/bin:/home/jiska/Code/cdo/install/bin:/home/jiska/Code/spot/node_modules/.bin:/home/jiska/Code/node/node-v4.4.2-linux-x64/bin:/home/jiska/Code/cfplot/install/bin:/home/jiska/Code/cdo/install/bin:/home/jiska/Code/spot/node_modules/.bin:/home/jiska/Code/node/node-v4.4.2-linux-x64/bin:/home/jiska/Code/cfplot/install/bin:/home/jiska/Code/cdo/install/bin:/usr/lib64/qt-3.3/bin:/usr/lib64/ccache:/usr/local/bin:/usr/bin:/bin:/usr/local/sbin:/usr/sbin:/home/jiska/.local/bin:/home/jiska/bin:/home/jiska/.local/bin:/home/jiska/bin
10 verbose lifecycle spot@0.0.3~check: CWD: /home/jiska/Code/spot
11 silly lifecycle spot@0.0.3~check: Args: [ '-c', 'semistandard && jasmine' ]
12 silly lifecycle spot@0.0.3~check: Returned: code: 1  signal: null
13 info lifecycle spot@0.0.3~check: Failed to exec check script
14 verbose stack Error: spot@0.0.3 check: `semistandard && jasmine`
14 verbose stack Exit status 1
14 verbose stack     at EventEmitter.<anonymous> (/home/jiska/Code/node/node-v4.4.2-linux-x64/lib/node_modules/npm/lib/utils/lifecycle.js:245:16)
14 verbose stack     at emitTwo (events.js:87:13)
14 verbose stack     at EventEmitter.emit (events.js:172:7)
14 verbose stack     at ChildProcess.<anonymous> (/home/jiska/Code/node/node-v4.4.2-linux-x64/lib/node_modules/npm/lib/utils/spawn.js:24:14)
14 verbose stack     at emitTwo (events.js:87:13)
14 verbose stack     at ChildProcess.emit (events.js:172:7)
14 verbose stack     at maybeClose (internal/child_process.js:827:16)
14 verbose stack     at Process.ChildProcess._handle.onexit (internal/child_process.js:211:5)
15 verbose pkgid spot@0.0.3
16 verbose cwd /home/jiska/Code/spot/client
17 error Linux 3.14.27-100.fc19.x86_64
18 error argv "/home/jiska/Code/node/node-v4.4.2-linux-x64/bin/node" "/home/jiska/Code/node/node-v4.4.2-linux-x64/bin/npm" "run" "check"
19 error node v4.4.2
20 error npm  v3.9.5
21 error code ELIFECYCLE
22 error spot@0.0.3 check: `semistandard && jasmine`
22 error Exit status 1
23 error Failed at the spot@0.0.3 check script 'semistandard && jasmine'.
23 error Make sure you have the latest version of node.js and npm installed.
23 error If you do, this is most likely a problem with the spot package,
23 error not with npm itself.
23 error Tell the author that this fails on your system:
23 error     semistandard && jasmine
23 error You can get information on how to open an issue for this project with:
23 error     npm bugs spot
23 error Or if that isn't available, you can get their info via:
23 error     npm owner ls spot
23 error There is likely additional logging output above.
24 verbose exit [ 1, true ]
